2021-08-16 22:17:01,001:F:/Year 2/IT2656 Security Project/Piquant Integrated/__init__.py:__main__:iansimwx@gmail.com is logged out
2021-08-16 22:17:59,923:F:/Year 2/IT2656 Security Project/Piquant Integrated/__init__.py:__main__:Ian is logged in
2021-08-16 22:18:01,303:F:/Year 2/IT2656 Security Project/Piquant Integrated/__init__.py:__main__:Ian retrieved reservation
2021-08-16 22:18:02,142:F:/Year 2/IT2656 Security Project/Piquant Integrated/__init__.py:__main__:Ian viewed order
2021-08-16 22:18:44,289:F:/Year 2/IT2656 Security Project/Piquant Integrated/__init__.py:__main__:Ian retrieved reservation
2021-08-16 22:18:45,308:F:/Year 2/IT2656 Security Project/Piquant Integrated/__init__.py:__main__:Ian viewed order
2021-08-16 22:18:46,503:F:/Year 2/IT2656 Security Project/Piquant Integrated/__init__.py:__main__:Ian retrieved members
2021-08-16 22:19:49,272:F:/Year 2/IT2656 Security Project/Piquant Integrated/__init__.py:__main__:iansimwx@gmail.com is logged in
2021-08-16 22:19:52,065:F:/Year 2/IT2656 Security Project/Piquant Integrated/__init__.py:__main__:iansimwx@gmail.com added S001 to cart
2021-08-16 22:19:52,843:F:/Year 2/IT2656 Security Project/Piquant Integrated/__init__.py:__main__:iansimwx@gmail.com viewed cart items
2021-08-16 22:20:08,177:F:/Year 2/IT2656 Security Project/Piquant Integrated/__init__.py:__main__:Ian is logged in
2021-08-16 22:20:11,120:F:/Year 2/IT2656 Security Project/Piquant Integrated/__init__.py:__main__:Ian viewed order
2021-08-16 22:20:12,959:F:/Year 2/IT2656 Security Project/Piquant Integrated/__init__.py:__main__:Ian served order item
2021-08-16 22:20:12,967:F:/Year 2/IT2656 Security Project/Piquant Integrated/__init__.py:__main__:Ian viewed order
2021-08-16 22:20:15,213:F:/Year 2/IT2656 Security Project/Piquant Integrated/__init__.py:__main__:Ian retrieved reservation
2021-08-16 22:20:16,024:F:/Year 2/IT2656 Security Project/Piquant Integrated/__init__.py:__main__:Ian viewed order
2021-08-16 22:20:17,797:F:/Year 2/IT2656 Security Project/Piquant Integrated/__init__.py:__main__:Ian viewed audit
2021-08-16 22:20:22,032:F:/Year 2/IT2656 Security Project/Piquant Integrated/__init__.py:__main__:Ian viewed audit
2021-08-16 22:20:23,112:F:/Year 2/IT2656 Security Project/Piquant Integrated/__init__.py:__main__:Ian retrieved staff
2021-08-16 22:20:31,777:F:/Year 2/IT2656 Security Project/Piquant Integrated/__init__.py:__main__:Ian retrieved staff
2021-08-16 22:21:17,541:F:/Year 2/IT2656 Security Project/Piquant Integrated/__init__.py:__main__:Ian retrieved staff
2021-08-16 22:21:55,580:F:/Year 2/IT2656 Security Project/Piquant Integrated/__init__.py:__main__:JeffT is logged in
2021-08-16 22:21:59,768:F:/Year 2/IT2656 Security Project/Piquant Integrated/__init__.py:__main__:JeffT retrieved reservation
2021-08-16 22:22:00,691:F:/Year 2/IT2656 Security Project/Piquant Integrated/__init__.py:__main__:JeffT viewed order
2021-08-16 22:22:02,875:F:/Year 2/IT2656 Security Project/Piquant Integrated/__init__.py:__main__:JeffT retrieved members
2021-08-16 22:22:08,896:F:/Year 2/IT2656 Security Project/Piquant Integrated/__init__.py:__main__:JeffT updated self profile
2021-08-16 22:51:51,931:F:/Year 2/IT2656 Security Project/Piquant Integrated/__init__.py:__main__:ianwxsim@gmail.com is logged in
2021-08-16 22:52:01,109:F:/Year 2/IT2656 Security Project/Piquant Integrated/__init__.py:__main__:ianwxsim@gmail.com is logged out
2021-08-16 22:52:10,248:F:/Year 2/IT2656 Security Project/Piquant Integrated/__init__.py:__main__:iansimwx@gmail.com is logged in
2021-08-16 22:52:17,343:F:/Year 2/IT2656 Security Project/Piquant Integrated/__init__.py:__main__:iansimwx@gmail.com is logged out
2021-08-16 23:08:02,854:F:/Year 2/IT2656 Security Project/Piquant Integrated/__init__.py:__main__:iansimwx@gmail.com is logged in
2021-08-16 23:08:14,532:F:/Year 2/IT2656 Security Project/Piquant Integrated/__init__.py:__main__:iansimwx@gmail.com is logged out
2021-08-16 23:08:27,962:F:/Year 2/IT2656 Security Project/Piquant Integrated/__init__.py:__main__:Ian is logged in
2021-08-16 23:08:36,043:F:/Year 2/IT2656 Security Project/Piquant Integrated/__init__.py:__main__:Ian viewed audit
2021-08-16 23:08:44,585:F:/Year 2/IT2656 Security Project/Piquant Integrated/__init__.py:__main__:Ian viewed audit
2021-08-16 23:08:46,935:F:/Year 2/IT2656 Security Project/Piquant Integrated/__init__.py:__main__:Ian viewed audit
2021-08-16 23:08:48,255:F:/Year 2/IT2656 Security Project/Piquant Integrated/__init__.py:__main__:Ian viewed audit
2021-08-16 23:08:51,724:F:/Year 2/IT2656 Security Project/Piquant Integrated/__init__.py:__main__:Ian viewed audit
2021-08-16 23:08:58,707:F:/Year 2/IT2656 Security Project/Piquant Integrated/__init__.py:__main__:Ian viewed audit
2021-08-16 23:09:06,666:F:/Year 2/IT2656 Security Project/Piquant Integrated/__init__.py:__main__:Ian created referral code
2021-08-16 23:09:09,564:F:/Year 2/IT2656 Security Project/Piquant Integrated/__init__.py:__main__:Ian retrieved members
2021-08-16 23:09:11,743:F:/Year 2/IT2656 Security Project/Piquant Integrated/__init__.py:__main__:Ian updated member
2021-08-16 23:09:13,887:F:/Year 2/IT2656 Security Project/Piquant Integrated/__init__.py:__main__:Ian viewed order
2021-08-16 23:09:14,791:F:/Year 2/IT2656 Security Project/Piquant Integrated/__init__.py:__main__:Ian retrieved reservation
2021-08-16 23:09:20,769:F:/Year 2/IT2656 Security Project/Piquant Integrated/__init__.py:__main__:Ian updated self profile
2021-08-16 23:09:40,975:F:/Year 2/IT2656 Security Project/Piquant Integrated/__init__.py:__main__:Ian is logged out
2021-08-16 23:09:50,906:F:/Year 2/IT2656 Security Project/Piquant Integrated/__init__.py:__main__:iansimwx@gmail.com is logged in
2021-08-16 23:10:23,255:F:/Year 2/IT2656 Security Project/Piquant Integrated/__init__.py:__main__:iansimwx@gmail.com updated password
2021-08-16 23:10:23,258:F:/Year 2/IT2656 Security Project/Piquant Integrated/__init__.py:__main__:iansimwx@gmail.com is logged out
2021-08-16 23:10:35,701:F:/Year 2/IT2656 Security Project/Piquant Integrated/__init__.py:__main__:iansimwx@gmail.com is logged in
2021-08-16 23:11:08,278:F:/Year 2/IT2656 Security Project/Piquant Integrated/__init__.py:__main__:iansimwx@gmail.com updated password
2021-08-16 23:11:08,280:F:/Year 2/IT2656 Security Project/Piquant Integrated/__init__.py:__main__:iansimwx@gmail.com is logged out
2021-08-16 23:11:21,561:F:/Year 2/IT2656 Security Project/Piquant Integrated/__init__.py:__main__:iansimwx@gmail.com is logged in
2021-08-16 23:12:16,728:F:/Year 2/IT2656 Security Project/Piquant Integrated/__init__.py:__main__:iansimwx@gmail.com updated password
2021-08-16 23:12:16,732:F:/Year 2/IT2656 Security Project/Piquant Integrated/__init__.py:__main__:iansimwx@gmail.com is logged out
2021-08-16 23:14:05,487:F:/Year 2/IT2656 Security Project/Piquant Integrated/__init__.py:__main__:iansimwx@gmail.com is logged in
2021-08-16 23:17:33,068:F:/Year 2/IT2656 Security Project/Piquant Integrated/__init__.py:__main__:iansimwx@gmail.com is logged in
2021-08-16 23:22:35,032:F:/Year 2/IT2656 Security Project/Piquant Integrated/__init__.py:__main__:ianwxsim@gmail.com is logged in
2021-08-16 23:22:37,783:F:/Year 2/IT2656 Security Project/Piquant Integrated/__init__.py:__main__:ianwxsim@gmail.com is logged out
2021-08-16 23:22:49,178:F:/Year 2/IT2656 Security Project/Piquant Integrated/__init__.py:__main__:iansimwx@gmail.com is logged in
2021-08-16 23:35:12,274:F:/Year 2/IT2656 Security Project/Piquant Integrated/__init__.py:__main__:Ian Sim has made a reservation
2021-08-16 23:39:27,823:F:/Year 2/IT2656 Security Project/Piquant Integrated/__init__.py:__main__:Ian Sim has made a reservation
2021-08-17 00:20:16,694:F:/Year 2/IT2656 Security Project/Piquant Integrated/__init__.py:__main__:Ian Sim signed up as member
2021-08-17 00:20:46,171:F:/Year 2/IT2656 Security Project/Piquant Integrated/__init__.py:__main__:iansimwx@gmail.com is logged in
2021-08-17 00:20:56,278:F:/Year 2/IT2656 Security Project/Piquant Integrated/__init__.py:__main__:iansimwx@gmail.com is logged out
2021-08-17 00:21:21,876:F:/Year 2/IT2656 Security Project/Piquant Integrated/__init__.py:__main__:iansimwx@gmail.com is logged in
2021-08-17 00:22:12,324:F:/Year 2/IT2656 Security Project/Piquant Integrated/__init__.py:__main__:iansimwx@gmail.com is logged out
2021-08-17 00:23:46,821:F:/Year 2/IT2656 Security Project/Piquant Integrated/__init__.py:__main__:iansimwx@gmail.com is logged in
2021-08-17 00:24:32,952:F:/Year 2/IT2656 Security Project/Piquant Integrated/__init__.py:__main__:iansimwx@gmail.com updated password
2021-08-17 00:24:32,957:F:/Year 2/IT2656 Security Project/Piquant Integrated/__init__.py:__main__:iansimwx@gmail.com is logged out
2021-08-17 00:24:43,927:F:/Year 2/IT2656 Security Project/Piquant Integrated/__init__.py:__main__:iansimwx@gmail.com is logged in
2021-08-17 00:28:12,457:F:/Year 2/IT2656 Security Project/Piquant Integrated/__init__.py:__main__:ianwxsim@gmail.com is logged in
2021-08-17 00:29:06,643:F:/Year 2/IT2656 Security Project/Piquant Integrated/__init__.py:__main__:ianwxsim@gmail.com is logged out
2021-08-17 00:29:17,314:F:/Year 2/IT2656 Security Project/Piquant Integrated/__init__.py:__main__:iansimwx@gmail.com is logged in
2021-08-17 00:29:45,098:F:/Year 2/IT2656 Security Project/Piquant Integrated/__init__.py:__main__:iansimwx@gmail.com updated password
2021-08-17 00:29:45,102:F:/Year 2/IT2656 Security Project/Piquant Integrated/__init__.py:__main__:iansimwx@gmail.com is logged out
2021-08-17 00:31:39,697:F:/Year 2/IT2656 Security Project/Piquant Integrated/__init__.py:__main__:Ian Sim signed up as member
2021-08-17 00:32:00,163:F:/Year 2/IT2656 Security Project/Piquant Integrated/__init__.py:__main__:simwx.ian@gmail.com is logged in
2021-08-17 00:32:03,434:F:/Year 2/IT2656 Security Project/Piquant Integrated/__init__.py:__main__:simwx.ian@gmail.com is logged out
2021-08-17 09:52:54,419:F:/Year 2/IT2656 Security Project/Piquant Integrated/__init__.py:__main__:Ian is logged in
2021-08-17 09:53:13,485:F:/Year 2/IT2656 Security Project/Piquant Integrated/__init__.py:__main__:Ian viewed audit
2021-08-17 10:01:43,891:F:/Year 2/IT2656 Security Project/Piquant Integrated/__init__.py:__main__:Ian viewed audit
2021-08-17 10:02:53,285:F:/Year 2/IT2656 Security Project/Piquant Integrated/__init__.py:__main__:Ian retrieved staff
2021-08-17 10:08:27,437:F:/Year 2/IT2656 Security Project/Piquant Integrated/__init__.py:__main__:Ian is logged out
2021-08-17 10:08:46,407:F:/Year 2/IT2656 Security Project/Piquant Integrated/__init__.py:__main__:iansimwx@gmail.com is logged in
2021-08-17 10:09:43,963:F:/Year 2/IT2656 Security Project/Piquant Integrated/__init__.py:__main__:Jeff has made a reservation
2021-08-17 10:11:03,063:F:/Year 2/IT2656 Security Project/Piquant Integrated/__init__.py:__main__:iansimwx@gmail.com is logged out
2021-08-17 10:11:12,149:F:/Year 2/IT2656 Security Project/Piquant Integrated/__init__.py:__main__:Ian is logged in
2021-08-17 10:11:14,485:F:/Year 2/IT2656 Security Project/Piquant Integrated/__init__.py:__main__:Ian retrieved reservation
2021-08-17 10:11:23,919:F:/Year 2/IT2656 Security Project/Piquant Integrated/__init__.py:__main__:Ian retrieved reservation
2021-08-17 10:11:38,739:F:/Year 2/IT2656 Security Project/Piquant Integrated/__init__.py:__main__:Ian viewed audit
2021-08-17 10:11:42,716:F:/Year 2/IT2656 Security Project/Piquant Integrated/__init__.py:__main__:Ian viewed audit
2021-08-17 10:11:43,253:F:/Year 2/IT2656 Security Project/Piquant Integrated/__init__.py:__main__:Ian retrieved staff
2021-08-17 10:11:44,525:F:/Year 2/IT2656 Security Project/Piquant Integrated/__init__.py:__main__:Ian viewed audit
2021-08-17 10:11:46,864:F:/Year 2/IT2656 Security Project/Piquant Integrated/__init__.py:__main__:Ian retrieved staff
2021-08-17 10:11:57,308:F:/Year 2/IT2656 Security Project/Piquant Integrated/__init__.py:__main__:Ian viewed audit
2021-08-17 10:11:59,784:F:/Year 2/IT2656 Security Project/Piquant Integrated/__init__.py:__main__:Ian retrieved staff
2021-08-17 10:12:02,386:F:/Year 2/IT2656 Security Project/Piquant Integrated/__init__.py:__main__:Ian viewed audit
2021-08-17 10:12:05,249:F:/Year 2/IT2656 Security Project/Piquant Integrated/__init__.py:__main__:Ian retrieved reservation
2021-08-17 10:12:17,764:F:/Year 2/IT2656 Security Project/Piquant Integrated/__init__.py:__main__:Ian viewed audit
2021-08-17 10:12:53,359:F:/Year 2/IT2656 Security Project/Piquant Integrated/__init__.py:__main__:Ian viewed audit
2021-08-17 10:13:17,152:F:/Year 2/IT2656 Security Project/Piquant Integrated/__init__.py:__main__:Ian viewed audit
2021-08-17 10:13:59,723:F:/Year 2/IT2656 Security Project/Piquant Integrated/__init__.py:__main__:Ian is logged out
2021-08-17 10:15:13,997:F:/Year 2/IT2656 Security Project/Piquant Integrated/__init__.py:__main__:Zhi Yang signed up as member
2021-08-17 10:17:13,861:F:/Year 2/IT2656 Security Project/Piquant Integrated/__init__.py:__main__:qwhzjop@gmail.com is logged in
2021-08-17 10:17:16,258:F:/Year 2/IT2656 Security Project/Piquant Integrated/__init__.py:__main__:qwhzjop@gmail.com is logged out
2021-08-17 10:18:41,096:F:/Year 2/IT2656 Security Project/Piquant Integrated/__init__.py:__main__:Ian is logged in
2021-08-17 10:18:44,315:F:/Year 2/IT2656 Security Project/Piquant Integrated/__init__.py:__main__:Ian viewed audit
2021-08-17 10:19:19,184:F:/Year 2/IT2656 Security Project/Piquant Integrated/__init__.py:__main__:Ian is logged out
2021-08-17 10:20:32,744:F:/Year 2/IT2656 Security Project/Piquant Integrated/__init__.py:__main__:iansimwx@gmail.com is logged in
2021-08-17 10:20:54,504:F:/Year 2/IT2656 Security Project/Piquant Integrated/__init__.py:__main__:iansimwx@gmail.com is logged out
2021-08-17 10:21:21,097:F:/Year 2/IT2656 Security Project/Piquant Integrated/__init__.py:__main__:Ian Sim signed up as member
2021-08-17 10:21:36,897:F:/Year 2/IT2656 Security Project/Piquant Integrated/__init__.py:__main__:simwx.ian@gmail.com is logged in
2021-08-17 10:21:49,498:F:/Year 2/IT2656 Security Project/Piquant Integrated/__init__.py:__main__:simwx.ian@gmail.com is logged out
2021-08-17 10:35:05,756:F:/Year 2/IT2656 Security Project/Piquant Integrated/__init__.py:__main__:Zhi Yang signed up as member
2021-08-17 10:38:32,082:F:/Year 2/IT2656 Security Project/Piquant Integrated/__init__.py:__main__:qwhzjop@gmail.com is logged in
2021-08-17 10:38:46,915:F:/Year 2/IT2656 Security Project/Piquant Integrated/__init__.py:__main__:qwhzjop@gmail.com is logged out
2021-08-17 10:38:58,384:F:/Year 2/IT2656 Security Project/Piquant Integrated/__init__.py:__main__:Ian is logged in
2021-08-17 10:49:17,989:F:/Year 2/IT2656 Security Project/Piquant Integrated/__init__.py:__main__:Ian is logged out
2021-08-17 10:49:50,239:F:/Year 2/IT2656 Security Project/Piquant Integrated/__init__.py:__main__:qwhzjop@gmail.com is logged in
2021-08-17 10:49:55,258:F:/Year 2/IT2656 Security Project/Piquant Integrated/__init__.py:__main__:qwhzjop@gmail.com is logged out
2021-08-17 10:52:34,217:F:/Year 2/IT2656 Security Project/Piquant Integrated/__init__.py:__main__:iansimwx@gmail.com is logged in
2021-08-17 10:52:37,767:F:/Year 2/IT2656 Security Project/Piquant Integrated/__init__.py:__main__:iansimwx@gmail.com is logged in
2021-08-17 10:53:11,760:F:/Year 2/IT2656 Security Project/Piquant Integrated/__init__.py:__main__:iansimwx@gmail.com is logged out
2021-08-17 10:54:47,536:F:/Year 2/IT2656 Security Project/Piquant Integrated/__init__.py:__main__:Ian Sim signed up as member
2021-08-17 10:55:04,735:F:/Year 2/IT2656 Security Project/Piquant Integrated/__init__.py:__main__:simwx.ian@gmail.com is logged in
2021-08-17 10:56:27,166:F:/Year 2/IT2656 Security Project/Piquant Integrated/__init__.py:__main__:simwx.ian@gmail.com is logged out
2021-08-17 10:57:02,314:F:/Year 2/IT2656 Security Project/Piquant Integrated/__init__.py:__main__:simwx.ian@gmail.com is logged in
2021-08-17 10:59:17,294:F:/Year 2/IT2656 Security Project/Piquant Integrated/__init__.py:__main__:simwx.ian@gmail.com is logged in
2021-08-17 11:01:30,657:F:/Year 2/IT2656 Security Project/Piquant Integrated/__init__.py:__main__:simwx.ian@gmail.com is logged out
2021-08-17 11:01:44,845:F:/Year 2/IT2656 Security Project/Piquant Integrated/__init__.py:__main__:iansimwx@gmail.com is logged in
2021-08-17 11:02:31,613:F:/Year 2/IT2656 Security Project/Piquant Integrated/__init__.py:__main__:iansimwx@gmail.com updated password
2021-08-17 11:02:31,616:F:/Year 2/IT2656 Security Project/Piquant Integrated/__init__.py:__main__:iansimwx@gmail.com is logged out
2021-08-17 11:02:43,889:F:/Year 2/IT2656 Security Project/Piquant Integrated/__init__.py:__main__:iansimwx@gmail.com is logged in
2021-08-17 11:05:32,423:F:/Year 2/IT2656 Security Project/Piquant Integrated/__init__.py:__main__:iansimwx@gmail.com is logged out
2021-08-17 11:09:31,528:F:/Year 2/IT2656 Security Project/Piquant Integrated/__init__.py:__main__:iansimwx@gmail.com is logged in
2021-08-17 11:10:13,626:F:/Year 2/IT2656 Security Project/Piquant Integrated/__init__.py:__main__:Ian Sim has made a reservation
2021-08-17 11:13:05,798:F:/Year 2/IT2656 Security Project/Piquant Integrated/__init__.py:__main__:Ian is logged in
2021-08-17 11:13:07,521:F:/Year 2/IT2656 Security Project/Piquant Integrated/__init__.py:__main__:Ian retrieved reservation
2021-08-17 11:18:01,141:F:/Year 2/IT2656 Security Project/Piquant Integrated/__init__.py:__main__:Ian is logged in
2021-08-17 11:18:06,622:F:/Year 2/IT2656 Security Project/Piquant Integrated/__init__.py:__main__:Ian viewed audit
2021-08-17 11:19:18,113:F:/Year 2/IT2656 Security Project/Piquant Integrated/__init__.py:__main__:Ian viewed audit
2021-08-17 11:19:32,392:F:/Year 2/IT2656 Security Project/Piquant Integrated/__init__.py:__main__:Ian is logged out
2021-08-17 11:19:45,584:F:/Year 2/IT2656 Security Project/Piquant Integrated/__init__.py:__main__:JeffT is logged in
2021-08-17 11:20:25,466:F:/Year 2/IT2656 Security Project/Piquant Integrated/__init__.py:__main__:JeffT is logged out
2021-08-17 11:20:36,471:F:/Year 2/IT2656 Security Project/Piquant Integrated/__init__.py:__main__:Ian is logged in
2021-08-17 11:22:16,459:F:/Year 2/IT2656 Security Project/Piquant Integrated/__init__.py:__main__:Ian viewed audit
2021-08-17 11:24:23,347:F:/Year 2/IT2656 Security Project/Piquant Integrated/__init__.py:__main__:Ian viewed audit
2021-08-17 11:32:31,125:F:/Year 2/IT2656 Security Project/Piquant Integrated/__init__.py:__main__:Ian is logged in
2021-08-17 11:33:32,085:F:/Year 2/IT2656 Security Project/Piquant Integrated/__init__.py:__main__:Ian viewed audit
2021-08-17 11:54:01,799:F:/Year 2/IT2656 Security Project/Piquant Integrated/__init__.py:__main__:Ian is logged in
2021-08-17 11:56:09,144:F:/Year 2/IT2656 Security Project/Piquant Integrated/__init__.py:__main__:Ian viewed audit
2021-08-17 11:58:41,823:F:/Year 2/IT2656 Security Project/Piquant Integrated/__init__.py:__main__:Ian retrieved staff
2021-08-17 11:58:42,515:F:/Year 2/IT2656 Security Project/Piquant Integrated/__init__.py:__main__:Ian viewed audit
2021-08-17 12:14:28,063:F:/Year 2/IT2656 Security Project/Piquant Integrated/__init__.py:__main__:iansimwx@gmail.com is logged in
2021-08-17 12:15:48,073:F:/Year 2/IT2656 Security Project/Piquant Integrated/__init__.py:__main__:iansimwx@gmail.com is logged in
2021-08-18 15:10:41,985:F:/Year 2/IT2656 Security Project/Piquant Integrated/__init__.py:__main__:iansimwx@gmail.com is logged in
2021-08-18 16:14:08,912:F:/Year 2/IT2656 Security Project/Piquant Integrated/__init__.py:__main__:iansimwx@gmail.com is logged out
2021-08-18 16:56:41,520:F:/Year 2/IT2656 Security Project/Piquant Integrated/__init__.py:__main__:iansimwx@gmail.com is logged in
2021-08-18 18:39:05,486:F:/Year 2/IT2656 Security Project/Piquant Integrated/__init__.py:__main__:iansimwx@gmail.com is logged in
2021-08-18 18:40:28,307:F:/Year 2/IT2656 Security Project/Piquant Integrated/__init__.py:__main__:iansimwx@gmail.com is logged out
2021-08-18 19:05:59,090:F:/Year 2/IT2656 Security Project/Piquant Integrated/__init__.py:__main__:iansimwx@gmail.com is logged in
2021-08-18 19:08:08,088:F:/Year 2/IT2656 Security Project/Piquant Integrated/__init__.py:__main__:iansimwx@gmail.com is logged in
2021-08-18 19:10:34,933:F:/Year 2/IT2656 Security Project/Piquant Integrated/__init__.py:__main__:iansimwx@gmail.com is logged out
2021-08-18 19:20:00,727:F:/Year 2/IT2656 Security Project/Piquant Integrated/__init__.py:__main__:iansimwx@gmail.com is logged in
2021-08-19 22:13:08,572:F:/Year 2/IT2656 Security Project/Piquant Integrated/__init__.py:__main__:Ian is logged in
2021-08-19 22:13:12,542:F:/Year 2/IT2656 Security Project/Piquant Integrated/__init__.py:__main__:Ian viewed audit
2021-08-19 22:15:11,323:F:/Year 2/IT2656 Security Project/Piquant Integrated/__init__.py:__main__:Ian viewed audit
2021-08-19 22:47:28,296:F:/Year 2/IT2656 Security Project/Piquant Integrated/__init__.py:__main__:Ian viewed audit
2021-08-19 22:47:39,529:F:/Year 2/IT2656 Security Project/Piquant Integrated/__init__.py:__main__:Ian retrieved reservation
2021-08-19 22:47:41,104:F:/Year 2/IT2656 Security Project/Piquant Integrated/__init__.py:__main__:Ian viewed order
2021-08-19 22:47:44,071:F:/Year 2/IT2656 Security Project/Piquant Integrated/__init__.py:__main__:Ian is logged out
2021-08-20 09:51:30,900:F:/Year 2/IT2656 Security Project/Piquant Integrated/__init__.py:__main__:iansimwx@gmail.com is logged in
2021-08-20 09:52:33,346:F:/Year 2/IT2656 Security Project/Piquant Integrated/__init__.py:__main__:iansimwx@gmail.com is logged out
2021-08-20 09:57:22,172:F:/Year 2/IT2656 Security Project/Piquant Integrated/__init__.py:__main__:iansimwx@gmail.com is logged in
2021-08-20 09:57:25,132:F:/Year 2/IT2656 Security Project/Piquant Integrated/__init__.py:__main__:iansimwx@gmail.com is logged out
2021-08-20 09:57:35,782:F:/Year 2/IT2656 Security Project/Piquant Integrated/__init__.py:__main__:iansimwx@gmail.com is logged in
2021-08-20 09:57:37,893:F:/Year 2/IT2656 Security Project/Piquant Integrated/__init__.py:__main__:iansimwx@gmail.com is logged out
